\BOOKMARK [0][-]{section*.1}{\376\377\000D\000e\000c\000l\000a\000r\000a\000c\000i\000\363\000n\000\040\000d\000e\000\040\000A\000u\000t\000o\000r\000\355\000a}{}% 1
\BOOKMARK [0][-]{section*.2}{\376\377\000R\000e\000s\000u\000m\000e\000n}{}% 2
\BOOKMARK [0][-]{section*.3}{\376\377\000A\000g\000r\000a\000d\000e\000c\000i\000m\000i\000e\000n\000t\000o\000s}{}% 3
\BOOKMARK [0][-]{chapter.5}{\376\377\000D\000e\000s\000c\000r\000i\000p\000c\000i\000\363\000n\000\040\000d\000e\000l\000\040\000p\000r\000o\000y\000e\000c\000t\000o}{}% 4
\BOOKMARK [1][-]{section.6}{\376\377\000R\000e\000s\000u\000m\000e\000n\000\040\000d\000e\000l\000\040\000p\000r\000o\000y\000e\000c\000t\000o}{chapter.5}% 5
\BOOKMARK [1][-]{section.10}{\376\377\000P\000l\000a\000n\000t\000e\000a\000m\000i\000e\000n\000t\000o\000\040\000d\000e\000l\000\040\000p\000r\000o\000b\000l\000e\000m\000a}{chapter.5}% 6
\BOOKMARK [2][-]{subsection.11}{\376\377\000P\000l\000a\000n\000t\000e\000a\000m\000i\000e\000n\000t\000o}{section.10}% 7
\BOOKMARK [2][-]{subsection.12}{\376\377\000F\000o\000r\000m\000u\000l\000a\000c\000i\000\363\000n}{section.10}% 8
\BOOKMARK [1][-]{section.13}{\376\377\000E\000s\000t\000a\000d\000o\000\040\000d\000e\000l\000\040\000a\000r\000t\000e}{chapter.5}% 9
\BOOKMARK [2][-]{subsection.14}{\376\377\000C\000o\000n\000t\000r\000a\000t\000o\000s\000\040\000i\000n\000t\000e\000l\000i\000g\000e\000n\000t\000e\000s}{section.13}% 10
\BOOKMARK [2][-]{subsection.15}{\376\377\000P\000r\000o\000p\000i\000e\000d\000a\000d\000e\000s\000\040\000I\000n\000t\000e\000l\000i\000g\000e\000n\000t\000e\000s}{section.13}% 11
\BOOKMARK [2][-]{subsection.16}{\376\377\000M\000o\000n\000e\000d\000a\000s\000\040\000c\000o\000l\000e\000r\000e\000a\000d\000a\000s}{section.13}% 12
\BOOKMARK [2][-]{subsection.17}{\376\377\000A\000p\000l\000i\000c\000a\000c\000i\000o\000n\000e\000s}{section.13}% 13
\BOOKMARK [3][-]{section*.18}{\376\377\000V\000a\000l\000o\000r\000e\000s\000\040\000p\000r\000i\000v\000a\000d\000o\000s}{subsection.17}% 14
\BOOKMARK [3][-]{section*.19}{\376\377\000N\000o\000t\000a\000r\000i\000a\000d\000o\000\040\000p\000\372\000b\000l\000i\000c\000o}{subsection.17}% 15
\BOOKMARK [3][-]{section*.21}{\376\377\000P\000r\000o\000p\000i\000e\000d\000a\000d\000\040\000i\000n\000t\000e\000l\000e\000c\000t\000u\000a\000l}{subsection.17}% 16
\BOOKMARK [3][-]{section*.22}{\376\377\000I\000n\000t\000e\000n\000e\000t\000\040\000d\000e\000\040\000l\000a\000s\000\040\000c\000o\000s\000a\000s}{subsection.17}% 17
\BOOKMARK [3][-]{section*.23}{\376\377\000C\000u\000i\000d\000a\000d\000o\000\040\000d\000e\000\040\000l\000a\000\040\000s\000a\000l\000u\000d}{subsection.17}% 18
\BOOKMARK [2][-]{subsection.24}{\376\377\000R\000e\000t\000o\000s\000\040\000d\000e\000\040\000b\000l\000o\000c\000k\000c\000h\000a\000i\000n}{section.13}% 19
\BOOKMARK [3][-]{section*.25}{\376\377\000R\000e\000g\000u\000l\000a\000c\000i\000\363\000n}{subsection.24}% 20
\BOOKMARK [3][-]{section*.26}{\376\377\000E\000s\000c\000a\000l\000a\000b\000i\000l\000i\000d\000a\000d}{subsection.24}% 21
\BOOKMARK [3][-]{section*.28}{\376\377\000R\000e\000s\000i\000s\000t\000e\000n\000c\000i\000a\000\040\000a\000l\000\040\000c\000a\000m\000b\000i\000o}{subsection.24}% 22
\BOOKMARK [3][-]{section*.29}{\376\377\000I\000n\000t\000e\000g\000r\000a\000c\000i\000\363\000n\000\040\000c\000o\000n\000\040\000e\000l\000\040\000p\000a\000s\000a\000d\000o}{subsection.24}% 23
\BOOKMARK [3][-]{section*.30}{\376\377\000F\000r\000a\000u\000d\000e}{subsection.24}% 24
\BOOKMARK [3][-]{section*.31}{\376\377\000S\000\372\000p\000e\000r\000\040\000c\000o\000m\000p\000u\000t\000a\000d\000o\000r\000a\000s}{subsection.24}% 25
\BOOKMARK [1][-]{section.32}{\376\377\000O\000b\000j\000e\000t\000i\000v\000o\000s\000\040\000d\000e\000l\000\040\000p\000r\000o\000y\000e\000c\000t\000o}{chapter.5}% 26
\BOOKMARK [2][-]{subsection.33}{\376\377\000O\000b\000j\000e\000t\000i\000v\000o\000\040\000g\000e\000n\000e\000r\000a\000l}{section.32}% 27
\BOOKMARK [2][-]{subsection.34}{\376\377\000O\000b\000j\000e\000t\000i\000v\000o\000s\000\040\000e\000s\000p\000e\000c\000\355\000f\000i\000c\000o\000s}{section.32}% 28
\BOOKMARK [0][-]{appendix*.35}{\376\377\000B\000i\000b\000l\000i\000o\000g\000r\000a\000f\000\355\000a}{}% 29
